[INFO ]2018-01-28 23:45:00 com.ftn.ISureBankApplication - Starting ISureBankApplication on DESKTOP-2VNCR0S with PID 11508 (C:\Users\Jasmina\Documents\hg.repositories\sep\Bank\build\classes\main started by Jasmina in C:\Users\Jasmina\Documents\hg.repositories\sep\Bank)
[INFO ]2018-01-28 23:45:00 com.ftn.ISureBankApplication - The following profiles are active: 1
[INFO ]2018-01-28 23:45:00 o.s.b.c.e.AnnotationConfigEmbeddedWebApplicationContext - Refreshing org.springframework.boot.context.embedded.AnnotationConfigEmbeddedWebApplicationContext@1fb5a27c: startup date [Sun Jan 28 23:45:00 CET 2018]; root of context hierarchy
[INFO ]2018-01-28 23:45:01 o.h.validator.internal.util.Version - HV000001: Hibernate Validator 5.3.5.Final
[INFO ]2018-01-28 23:45:04 o.s.c.s.PostProcessorRegistrationDelegate$BeanPostProcessorChecker - Bean 'webServiceConfig' of type [com.ftn.endpoint.WebServiceConfig$$EnhancerBySpringCGLIB$$c4dfefba] is not eligible for getting processed by all BeanPostProcessors (for example: not eligible for auto-proxying)
[INFO ]2018-01-28 23:45:04 o.s.c.s.PostProcessorRegistrationDelegate$BeanPostProcessorChecker - Bean 'org.springframework.ws.config.annotation.DelegatingWsConfiguration' of type [org.springframework.ws.config.annotation.DelegatingWsConfiguration$$EnhancerBySpringCGLIB$$684a2e33] is not eligible for getting processed by all BeanPostProcessors (for example: not eligible for auto-proxying)
[INFO ]2018-01-28 23:45:05 o.s.c.s.PostProcessorRegistrationDelegate$BeanPostProcessorChecker - Bean 'mt102Schema' of type [org.springframework.xml.xsd.SimpleXsdSchema] is not eligible for getting processed by all BeanPostProcessors (for example: not eligible for auto-proxying)
[INFO ]2018-01-28 23:45:05 o.s.c.s.PostProcessorRegistrationDelegate$BeanPostProcessorChecker - Bean 'mt103Schema' of type [org.springframework.xml.xsd.SimpleXsdSchema] is not eligible for getting processed by all BeanPostProcessors (for example: not eligible for auto-proxying)
[INFO ]2018-01-28 23:45:05 o.s.c.s.PostProcessorRegistrationDelegate$BeanPostProcessorChecker - Bean 'mt900Schema' of type [org.springframework.xml.xsd.SimpleXsdSchema] is not eligible for getting processed by all BeanPostProcessors (for example: not eligible for auto-proxying)
[INFO ]2018-01-28 23:45:05 o.s.c.s.PostProcessorRegistrationDelegate$BeanPostProcessorChecker - Bean 'mt910Schema' of type [org.springframework.xml.xsd.SimpleXsdSchema] is not eligible for getting processed by all BeanPostProcessors (for example: not eligible for auto-proxying)
[INFO ]2018-01-28 23:45:05 o.s.c.s.PostProcessorRegistrationDelegate$BeanPostProcessorChecker - Bean 'warrantSchema' of type [org.springframework.xml.xsd.SimpleXsdSchema] is not eligible for getting processed by all BeanPostProcessors (for example: not eligible for auto-proxying)
[INFO ]2018-01-28 23:45:05 o.s.c.s.PostProcessorRegistrationDelegate$BeanPostProcessorChecker - Bean 'sectionSchema' of type [org.springframework.xml.xsd.SimpleXsdSchema] is not eligible for getting processed by all BeanPostProcessors (for example: not eligible for auto-proxying)
[INFO ]2018-01-28 23:45:05 o.s.c.s.PostProcessorRegistrationDelegate$BeanPostProcessorChecker - Bean 'inquirySchema' of type [org.springframework.xml.xsd.SimpleXsdSchema] is not eligible for getting processed by all BeanPostProcessors (for example: not eligible for auto-proxying)
[INFO ]2018-01-28 23:45:05 o.s.w.s.a.s.AnnotationActionEndpointMapping - Supporting [WS-Addressing August 2004, WS-Addressing 1.0]
[INFO ]2018-01-28 23:45:08 o.s.b.c.e.t.TomcatEmbeddedServletContainer - Tomcat initialized with port(s): 9015 (http)
[INFO ]2018-01-28 23:45:08 o.a.catalina.core.StandardService - Starting service [Tomcat]
[INFO ]2018-01-28 23:45:08 o.a.catalina.core.StandardEngine - Starting Servlet Engine: Apache Tomcat/8.5.23
[INFO ]2018-01-28 23:45:08 o.a.c.c.C.[Tomcat].[localhost].[/] - Initializing Spring embedded WebApplicationContext
[INFO ]2018-01-28 23:45:08 o.s.web.context.ContextLoader - Root WebApplicationContext: initialization completed in 7852 ms
[INFO ]2018-01-28 23:45:08 o.s.b.w.s.ServletRegistrationBean - Mapping servlet: 'messageDispatcherServlet' to [/ws/*]
[INFO ]2018-01-28 23:45:08 o.s.b.w.s.ServletRegistrationBean - Mapping servlet: 'dispatcherServlet' to [/]
[INFO ]2018-01-28 23:45:08 o.s.b.w.s.FilterRegistrationBean - Mapping filter: 'characterEncodingFilter' to: [/*]
[INFO ]2018-01-28 23:45:08 o.s.b.w.s.FilterRegistrationBean - Mapping filter: 'hiddenHttpMethodFilter' to: [/*]
[INFO ]2018-01-28 23:45:08 o.s.b.w.s.FilterRegistrationBean - Mapping filter: 'httpPutFormContentFilter' to: [/*]
[INFO ]2018-01-28 23:45:08 o.s.b.w.s.FilterRegistrationBean - Mapping filter: 'requestContextFilter' to: [/*]
[INFO ]2018-01-28 23:45:09 o.s.o.j.LocalContainerEntityManagerFactoryBean - Building JPA container EntityManagerFactory for persistence unit 'default'
[INFO ]2018-01-28 23:45:09 o.h.jpa.internal.util.LogHelper - HHH000204: Processing PersistenceUnitInfo [
	name: default
	...]
[INFO ]2018-01-28 23:45:09 org.hibernate.Version - HHH000412: Hibernate Core {5.0.12.Final}
[INFO ]2018-01-28 23:45:09 org.hibernate.cfg.Environment - HHH000206: hibernate.properties not found
[INFO ]2018-01-28 23:45:09 org.hibernate.cfg.Environment - HHH000021: Bytecode provider name : javassist
[INFO ]2018-01-28 23:45:09 o.h.annotations.common.Version - HCANN000001: Hibernate Commons Annotations {5.0.1.Final}
[INFO ]2018-01-28 23:45:09 org.hibernate.dialect.Dialect - HHH000400: Using dialect: org.hibernate.dialect.MySQL5Dialect
[INFO ]2018-01-28 23:45:10 o.h.tool.hbm2ddl.SchemaExport - HHH000227: Running hbm2ddl schema export
[INFO ]2018-01-28 23:45:47 com.ftn.ISureBankApplication - Starting ISureBankApplication on DESKTOP-2VNCR0S with PID 3588 (C:\Users\Jasmina\Documents\hg.repositories\sep\Bank\build\classes\main started by Jasmina in C:\Users\Jasmina\Documents\hg.repositories\sep\Bank)
[INFO ]2018-01-28 23:45:47 com.ftn.ISureBankApplication - The following profiles are active: 2
[INFO ]2018-01-28 23:45:47 o.s.b.c.e.AnnotationConfigEmbeddedWebApplicationContext - Refreshing org.springframework.boot.context.embedded.AnnotationConfigEmbeddedWebApplicationContext@4dc8f6df: startup date [Sun Jan 28 23:45:47 CET 2018]; root of context hierarchy
[INFO ]2018-01-28 23:45:49 o.h.validator.internal.util.Version - HV000001: Hibernate Validator 5.3.5.Final
[INFO ]2018-01-28 23:45:54 o.s.c.s.PostProcessorRegistrationDelegate$BeanPostProcessorChecker - Bean 'webServiceConfig' of type [com.ftn.endpoint.WebServiceConfig$$EnhancerBySpringCGLIB$$18670eaa] is not eligible for getting processed by all BeanPostProcessors (for example: not eligible for auto-proxying)
[INFO ]2018-01-28 23:45:54 o.s.c.s.PostProcessorRegistrationDelegate$BeanPostProcessorChecker - Bean 'org.springframework.ws.config.annotation.DelegatingWsConfiguration' of type [org.springframework.ws.config.annotation.DelegatingWsConfiguration$$EnhancerBySpringCGLIB$$bbd14d23] is not eligible for getting processed by all BeanPostProcessors (for example: not eligible for auto-proxying)
[INFO ]2018-01-28 23:45:54 o.s.c.s.PostProcessorRegistrationDelegate$BeanPostProcessorChecker - Bean 'mt102Schema' of type [org.springframework.xml.xsd.SimpleXsdSchema] is not eligible for getting processed by all BeanPostProcessors (for example: not eligible for auto-proxying)
[INFO ]2018-01-28 23:45:54 o.s.c.s.PostProcessorRegistrationDelegate$BeanPostProcessorChecker - Bean 'mt103Schema' of type [org.springframework.xml.xsd.SimpleXsdSchema] is not eligible for getting processed by all BeanPostProcessors (for example: not eligible for auto-proxying)
[INFO ]2018-01-28 23:45:54 o.s.c.s.PostProcessorRegistrationDelegate$BeanPostProcessorChecker - Bean 'mt900Schema' of type [org.springframework.xml.xsd.SimpleXsdSchema] is not eligible for getting processed by all BeanPostProcessors (for example: not eligible for auto-proxying)
[INFO ]2018-01-28 23:45:54 o.s.c.s.PostProcessorRegistrationDelegate$BeanPostProcessorChecker - Bean 'mt910Schema' of type [org.springframework.xml.xsd.SimpleXsdSchema] is not eligible for getting processed by all BeanPostProcessors (for example: not eligible for auto-proxying)
[INFO ]2018-01-28 23:45:54 o.s.c.s.PostProcessorRegistrationDelegate$BeanPostProcessorChecker - Bean 'warrantSchema' of type [org.springframework.xml.xsd.SimpleXsdSchema] is not eligible for getting processed by all BeanPostProcessors (for example: not eligible for auto-proxying)
[INFO ]2018-01-28 23:45:54 o.s.c.s.PostProcessorRegistrationDelegate$BeanPostProcessorChecker - Bean 'sectionSchema' of type [org.springframework.xml.xsd.SimpleXsdSchema] is not eligible for getting processed by all BeanPostProcessors (for example: not eligible for auto-proxying)
[INFO ]2018-01-28 23:45:54 o.s.c.s.PostProcessorRegistrationDelegate$BeanPostProcessorChecker - Bean 'inquirySchema' of type [org.springframework.xml.xsd.SimpleXsdSchema] is not eligible for getting processed by all BeanPostProcessors (for example: not eligible for auto-proxying)
[INFO ]2018-01-28 23:45:54 o.s.w.s.a.s.AnnotationActionEndpointMapping - Supporting [WS-Addressing August 2004, WS-Addressing 1.0]
[INFO ]2018-01-28 23:45:55 o.s.b.c.e.t.TomcatEmbeddedServletContainer - Tomcat initialized with port(s): 9020 (http)
[INFO ]2018-01-28 23:45:55 o.a.catalina.core.StandardService - Starting service [Tomcat]
[INFO ]2018-01-28 23:45:55 o.a.catalina.core.StandardEngine - Starting Servlet Engine: Apache Tomcat/8.5.23
[INFO ]2018-01-28 23:45:55 o.a.c.c.C.[Tomcat].[localhost].[/] - Initializing Spring embedded WebApplicationContext
[INFO ]2018-01-28 23:45:55 o.s.web.context.ContextLoader - Root WebApplicationContext: initialization completed in 8392 ms
[INFO ]2018-01-28 23:45:55 o.s.b.w.s.ServletRegistrationBean - Mapping servlet: 'messageDispatcherServlet' to [/ws/*]
[INFO ]2018-01-28 23:45:55 o.s.b.w.s.ServletRegistrationBean - Mapping servlet: 'dispatcherServlet' to [/]
[INFO ]2018-01-28 23:45:55 o.s.b.w.s.FilterRegistrationBean - Mapping filter: 'characterEncodingFilter' to: [/*]
[INFO ]2018-01-28 23:45:55 o.s.b.w.s.FilterRegistrationBean - Mapping filter: 'hiddenHttpMethodFilter' to: [/*]
[INFO ]2018-01-28 23:45:55 o.s.b.w.s.FilterRegistrationBean - Mapping filter: 'httpPutFormContentFilter' to: [/*]
[INFO ]2018-01-28 23:45:55 o.s.b.w.s.FilterRegistrationBean - Mapping filter: 'requestContextFilter' to: [/*]
[INFO ]2018-01-28 23:45:56 o.s.o.j.LocalContainerEntityManagerFactoryBean - Building JPA container EntityManagerFactory for persistence unit 'default'
[INFO ]2018-01-28 23:45:56 o.h.jpa.internal.util.LogHelper - HHH000204: Processing PersistenceUnitInfo [
	name: default
	...]
[INFO ]2018-01-28 23:45:56 org.hibernate.Version - HHH000412: Hibernate Core {5.0.12.Final}
[INFO ]2018-01-28 23:45:56 org.hibernate.cfg.Environment - HHH000206: hibernate.properties not found
[INFO ]2018-01-28 23:45:56 org.hibernate.cfg.Environment - HHH000021: Bytecode provider name : javassist
[INFO ]2018-01-28 23:45:56 o.h.annotations.common.Version - HCANN000001: Hibernate Commons Annotations {5.0.1.Final}
[INFO ]2018-01-28 23:45:57 org.hibernate.dialect.Dialect - HHH000400: Using dialect: org.hibernate.dialect.MySQL5Dialect
[INFO ]2018-01-28 23:45:58 o.h.tool.hbm2ddl.SchemaExport - HHH000227: Running hbm2ddl schema export
[INFO ]2018-01-28 23:47:57 o.h.tool.hbm2ddl.SchemaExport - HHH000476: Executing import script 'init1.sql'
[INFO ]2018-01-28 23:48:12 o.h.tool.hbm2ddl.SchemaExport - HHH000230: Schema export complete
[INFO ]2018-01-28 23:48:12 o.s.o.j.LocalContainerEntityManagerFactoryBean - Initialized JPA EntityManagerFactory for persistence unit 'default'
[INFO ]2018-01-28 23:48:24 o.s.w.s.saaj.SaajSoapMessageFactory - Creating SAAJ 1.3 MessageFactory with SOAP 1.1 Protocol
[INFO ]2018-01-28 23:48:24 o.s.w.s.saaj.SaajSoapMessageFactory - Creating SAAJ 1.3 MessageFactory with SOAP 1.1 Protocol
[INFO ]2018-01-28 23:48:24 o.s.w.s.saaj.SaajSoapMessageFactory - Creating SAAJ 1.3 MessageFactory with SOAP 1.1 Protocol
[INFO ]2018-01-28 23:48:27 o.s.w.s.m.m.a.RequestMappingHandlerAdapter - Looking for @ControllerAdvice: org.springframework.boot.context.embedded.AnnotationConfigEmbeddedWebApplicationContext@1fb5a27c: startup date [Sun Jan 28 23:45:00 CET 2018]; root of context hierarchy
[INFO ]2018-01-28 23:48:27 o.s.w.s.m.m.a.RequestMappingHandlerMapping - Mapped "{[/acquirer/amount/{paymentId}],methods=[GET]}" onto public org.springframework.http.ResponseEntity com.ftn.controller.AcquirerController.getAmountForPayment(long)
[INFO ]2018-01-28 23:48:27 o.s.w.s.m.m.a.RequestMappingHandlerMapping - Mapped "{[/acquirer/name],methods=[GET]}" onto public org.springframework.http.ResponseEntity com.ftn.controller.AcquirerController.getBankName()
[INFO ]2018-01-28 23:48:27 o.s.w.s.m.m.a.RequestMappingHandlerMapping - Mapped "{[/acquirer/order/{paymentId}],methods=[POST]}" onto public org.springframework.http.ResponseEntity com.ftn.controller.AcquirerController.processOrder(com.ftn.model.dto.onlinepayment.PaymentOrderDTO,long,org.springframework.validation.BindingResult)
[INFO ]2018-01-28 23:48:27 o.s.w.s.m.m.a.RequestMappingHandlerMapping - Mapped "{[/acquirer/inquiry],methods=[POST]}" onto public org.springframework.http.ResponseEntity com.ftn.controller.AcquirerController.processInquiry(com.ftn.model.dto.onlinepayment.PaymentInquiryDTO,org.springframework.validation.BindingResult)
[INFO ]2018-01-28 23:48:27 o.s.w.s.m.m.a.RequestMappingHandlerMapping - Mapped "{[/acquirer/checkout],methods=[POST]}" onto public com.ftn.model.dto.onlinepayment.PaymentCheckoutDTO com.ftn.controller.AcquirerController.processResponse(com.ftn.model.dto.onlinepayment.PaymentResponseInfoDTO,org.springframework.validation.BindingResult)
[INFO ]2018-01-28 23:48:27 o.s.w.s.m.m.a.RequestMappingHandlerMapping - Mapped "{[/issuer],methods=[POST]}" onto public org.springframework.http.ResponseEntity com.ftn.controller.IssuerController.receiveOrderFromPCC(com.ftn.model.dto.onlinepayment.PaymentOrderDTO,org.springframework.validation.BindingResult)
[INFO ]2018-01-28 23:48:27 o.s.w.s.m.m.a.RequestMappingHandlerMapping - Mapped "{[/error]}" onto public org.springframework.http.ResponseEntity<java.util.Map<java.lang.String, java.lang.Object>> org.springframework.boot.autoconfigure.web.BasicErrorController.error(javax.servlet.http.HttpServletRequest)
[INFO ]2018-01-28 23:48:27 o.s.w.s.m.m.a.RequestMappingHandlerMapping - Mapped "{[/error],produces=[text/html]}" onto public org.springframework.web.servlet.ModelAndView org.springframework.boot.autoconfigure.web.BasicErrorController.errorHtml(javax.servlet.http.HttpServletRequest,javax.servlet.http.HttpServletResponse)
[INFO ]2018-01-28 23:48:27 o.s.w.s.h.SimpleUrlHandlerMapping - Mapped URL path [/webjars/**] onto handler of type [class org.springframework.web.servlet.resource.ResourceHttpRequestHandler]
[INFO ]2018-01-28 23:48:27 o.s.w.s.h.SimpleUrlHandlerMapping - Mapped URL path [/**] onto handler of type [class org.springframework.web.servlet.resource.ResourceHttpRequestHandler]
[INFO ]2018-01-28 23:48:28 o.s.w.s.h.SimpleUrlHandlerMapping - Mapped URL path [/**/favicon.ico] onto handler of type [class org.springframework.web.servlet.resource.ResourceHttpRequestHandler]
[INFO ]2018-01-28 23:48:28 o.s.b.a.w.WebMvcAutoConfiguration$WelcomePageHandlerMapping - Adding welcome page: ServletContext resource [/index.html]
[INFO ]2018-01-28 23:48:29 o.s.b.d.a.OptionalLiveReloadServer - LiveReload server is running on port 35729
[INFO ]2018-01-28 23:48:29 o.s.j.e.a.AnnotationMBeanExporter - Registering beans for JMX exposure on startup
[INFO ]2018-01-28 23:48:30 o.a.coyote.http11.Http11NioProtocol - Initializing ProtocolHandler ["http-nio-9015"]
[INFO ]2018-01-28 23:48:30 o.a.coyote.http11.Http11NioProtocol - Starting ProtocolHandler ["http-nio-9015"]
[INFO ]2018-01-28 23:48:30 o.a.tomcat.util.net.NioSelectorPool - Using a shared selector for servlet write/read
[INFO ]2018-01-28 23:48:30 o.s.b.c.e.t.TomcatEmbeddedServletContainer - Tomcat started on port(s): 9015 (http)
[INFO ]2018-01-28 23:48:30 com.ftn.ISureBankApplication - Started ISureBankApplication in 210.403 seconds (JVM running for 211.901)
[INFO ]2018-01-28 23:50:23 o.h.tool.hbm2ddl.SchemaExport - HHH000476: Executing import script 'init2.sql'
[INFO ]2018-01-28 23:50:33 o.h.tool.hbm2ddl.SchemaExport - HHH000230: Schema export complete
[INFO ]2018-01-28 23:50:33 o.s.o.j.LocalContainerEntityManagerFactoryBean - Initialized JPA EntityManagerFactory for persistence unit 'default'
[INFO ]2018-01-28 23:50:33 o.s.w.s.saaj.SaajSoapMessageFactory - Creating SAAJ 1.3 MessageFactory with SOAP 1.1 Protocol
[INFO ]2018-01-28 23:50:33 o.s.w.s.saaj.SaajSoapMessageFactory - Creating SAAJ 1.3 MessageFactory with SOAP 1.1 Protocol
[INFO ]2018-01-28 23:50:33 o.s.w.s.saaj.SaajSoapMessageFactory - Creating SAAJ 1.3 MessageFactory with SOAP 1.1 Protocol
[INFO ]2018-01-28 23:50:34 o.s.w.s.m.m.a.RequestMappingHandlerAdapter - Looking for @ControllerAdvice: org.springframework.boot.context.embedded.AnnotationConfigEmbeddedWebApplicationContext@4dc8f6df: startup date [Sun Jan 28 23:45:47 CET 2018]; root of context hierarchy
[INFO ]2018-01-28 23:50:34 o.s.w.s.m.m.a.RequestMappingHandlerMapping - Mapped "{[/acquirer/amount/{paymentId}],methods=[GET]}" onto public org.springframework.http.ResponseEntity com.ftn.controller.AcquirerController.getAmountForPayment(long)
[INFO ]2018-01-28 23:50:34 o.s.w.s.m.m.a.RequestMappingHandlerMapping - Mapped "{[/acquirer/name],methods=[GET]}" onto public org.springframework.http.ResponseEntity com.ftn.controller.AcquirerController.getBankName()
[INFO ]2018-01-28 23:50:34 o.s.w.s.m.m.a.RequestMappingHandlerMapping - Mapped "{[/acquirer/inquiry],methods=[POST]}" onto public org.springframework.http.ResponseEntity com.ftn.controller.AcquirerController.processInquiry(com.ftn.model.dto.onlinepayment.PaymentInquiryDTO,org.springframework.validation.BindingResult)
[INFO ]2018-01-28 23:50:34 o.s.w.s.m.m.a.RequestMappingHandlerMapping - Mapped "{[/acquirer/checkout],methods=[POST]}" onto public com.ftn.model.dto.onlinepayment.PaymentCheckoutDTO com.ftn.controller.AcquirerController.processResponse(com.ftn.model.dto.onlinepayment.PaymentResponseInfoDTO,org.springframework.validation.BindingResult)
[INFO ]2018-01-28 23:50:34 o.s.w.s.m.m.a.RequestMappingHandlerMapping - Mapped "{[/acquirer/order/{paymentId}],methods=[POST]}" onto public org.springframework.http.ResponseEntity com.ftn.controller.AcquirerController.processOrder(com.ftn.model.dto.onlinepayment.PaymentOrderDTO,long,org.springframework.validation.BindingResult)
[INFO ]2018-01-28 23:50:34 o.s.w.s.m.m.a.RequestMappingHandlerMapping - Mapped "{[/issuer],methods=[POST]}" onto public org.springframework.http.ResponseEntity com.ftn.controller.IssuerController.receiveOrderFromPCC(com.ftn.model.dto.onlinepayment.PaymentOrderDTO,org.springframework.validation.BindingResult)
[INFO ]2018-01-28 23:50:34 o.s.w.s.m.m.a.RequestMappingHandlerMapping - Mapped "{[/error]}" onto public org.springframework.http.ResponseEntity<java.util.Map<java.lang.String, java.lang.Object>> org.springframework.boot.autoconfigure.web.BasicErrorController.error(javax.servlet.http.HttpServletRequest)
[INFO ]2018-01-28 23:50:34 o.s.w.s.m.m.a.RequestMappingHandlerMapping - Mapped "{[/error],produces=[text/html]}" onto public org.springframework.web.servlet.ModelAndView org.springframework.boot.autoconfigure.web.BasicErrorController.errorHtml(javax.servlet.http.HttpServletRequest,javax.servlet.http.HttpServletResponse)
[INFO ]2018-01-28 23:50:34 o.s.w.s.h.SimpleUrlHandlerMapping - Mapped URL path [/webjars/**] onto handler of type [class org.springframework.web.servlet.resource.ResourceHttpRequestHandler]
[INFO ]2018-01-28 23:50:34 o.s.w.s.h.SimpleUrlHandlerMapping - Mapped URL path [/**] onto handler of type [class org.springframework.web.servlet.resource.ResourceHttpRequestHandler]
[INFO ]2018-01-28 23:50:34 o.s.w.s.h.SimpleUrlHandlerMapping - Mapped URL path [/**/favicon.ico] onto handler of type [class org.springframework.web.servlet.resource.ResourceHttpRequestHandler]
[INFO ]2018-01-28 23:50:34 o.s.b.a.w.WebMvcAutoConfiguration$WelcomePageHandlerMapping - Adding welcome page: ServletContext resource [/index.html]
[WARN ]2018-01-28 23:50:34 o.s.b.d.a.OptionalLiveReloadServer - Unable to start LiveReload server
[INFO ]2018-01-28 23:50:34 o.s.j.e.a.AnnotationMBeanExporter - Registering beans for JMX exposure on startup
[INFO ]2018-01-28 23:50:34 o.a.coyote.http11.Http11NioProtocol - Initializing ProtocolHandler ["http-nio-9020"]
[INFO ]2018-01-28 23:50:34 o.a.coyote.http11.Http11NioProtocol - Starting ProtocolHandler ["http-nio-9020"]
[INFO ]2018-01-28 23:50:34 o.a.tomcat.util.net.NioSelectorPool - Using a shared selector for servlet write/read
[INFO ]2018-01-28 23:50:34 o.s.b.c.e.t.TomcatEmbeddedServletContainer - Tomcat started on port(s): 9020 (http)
[INFO ]2018-01-28 23:50:34 com.ftn.ISureBankApplication - Started ISureBankApplication in 288.62 seconds (JVM running for 291.406)
[INFO ]2018-01-28 23:54:09 o.a.c.c.C.[Tomcat].[localhost].[/] - Initializing Spring FrameworkServlet 'dispatcherServlet'
[INFO ]2018-01-28 23:54:09 o.s.web.servlet.DispatcherServlet - FrameworkServlet 'dispatcherServlet': initialization started
[INFO ]2018-01-28 23:54:10 o.s.web.servlet.DispatcherServlet - FrameworkServlet 'dispatcherServlet': initialization completed in 73 ms
[INFO ]2018-01-28 23:54:10 o.h.h.i.QueryTranslatorFactoryInitiator - HHH000397: Using ASTQueryTranslatorFactory
[INFO ]2018-01-28 23:54:11 c.f.s.i.AcquirerServiceImpl - Merchant found
[INFO ]2018-01-28 23:54:11 c.f.s.i.AcquirerServiceImpl - Payment created
[INFO ]2018-01-28 23:56:50 c.f.s.i.AcquirerServiceImpl - Merchant found
[INFO ]2018-01-28 23:56:50 c.f.s.i.AcquirerServiceImpl - Payment created
[INFO ]2018-01-28 23:57:19 c.f.s.i.AcquirerServiceImpl - Income transaction created
[INFO ]2018-01-28 23:57:22 o.a.c.c.C.[Tomcat].[localhost].[/] - Initializing Spring FrameworkServlet 'dispatcherServlet'
[INFO ]2018-01-28 23:57:22 o.s.web.servlet.DispatcherServlet - FrameworkServlet 'dispatcherServlet': initialization started
[INFO ]2018-01-28 23:57:22 o.s.web.servlet.DispatcherServlet - FrameworkServlet 'dispatcherServlet': initialization completed in 76 ms
[INFO ]2018-01-28 23:57:23 com.ftn.controller.IssuerController - Received order from PCC
[INFO ]2018-01-28 23:57:23 o.h.h.i.QueryTranslatorFactoryInitiator - HHH000397: Using ASTQueryTranslatorFactory
[INFO ]2018-01-28 23:57:25 c.f.s.i.AcquirerServiceImpl - Successful transaction
