2018-01-21 14:45:16,109 INFO  [org.jboss.modules] (main) JBoss Modules version 1.6.1.Final
2018-01-21 14:45:27,535 INFO  [org.jboss.msc] (main) JBoss MSC version 1.2.7.SP1
2018-01-21 14:45:34,657 INFO  [org.jboss.as] (MSC service thread 1-7) WFLYSRV0049: Keycloak 3.4.1.Final (WildFly Core 3.0.8.Final) starting
2018-01-21 14:45:34,680 DEBUG [org.jboss.as.config] (MSC service thread 1-7) Configured system properties:
	awt.toolkit = sun.awt.windows.WToolkit
	file.encoding = Cp1252
	file.encoding.pkg = sun.io
	file.separator = \
	java.awt.graphicsenv = sun.awt.Win32GraphicsEnvironment
	java.awt.printerjob = sun.awt.windows.WPrinterJob
	java.class.path = C:\Users\Shade\Documents\GIT\i-sure\keycloak-3.4.1.Final\jboss-modules.jar
	java.class.version = 52.0
	java.endorsed.dirs = C:\Program Files\Java\jdk1.8.0_151\jre\lib\endorsed
	java.ext.dirs = C:\Program Files\Java\jdk1.8.0_151\jre\lib\ext;C:\WINDOWS\Sun\Java\lib\ext
	java.home = C:\Program Files\Java\jdk1.8.0_151\jre
	java.io.tmpdir = C:\Users\Shade\AppData\Local\Temp\
	java.library.path = C:\Program Files\Java\jdk1.8.0_151\bin;C:\WINDOWS\Sun\Java\bin;C:\WINDOWS\system32;C:\WINDOWS;C:\ProgramData\Oracle\Java\javapath;C:\Program Files (x86)\NVIDIA Corporation\PhysX\Common;C:\WINDOWS\system32;C:\WINDOWS;C:\WINDOWS\System32\Wbem;C:\WINDOWS\System32\WindowsPowerShell\v1.0\;C:\Program Files\nodejs\;C:\Program Files\Git\cmd;C:\Program Files (x86)\Oracle\Java Card Development Kit 3.0.5u2\bin;C:\MinGW\bin;C:\Program Files\Java\jdk1.8.0_151\bin;C:\Program Files\apache-ant-1.10.1\bin;C:\Users\Shade\AppData\Local\Microsoft\WindowsApps;C:\Users\Shade\AppData\Roaming\npm;E:\apache-maven-3.5.2\bin;;.
	java.net.preferIPv4Stack = true
	java.runtime.name = Java(TM) SE Runtime Environment
	java.runtime.version = 1.8.0_151-b12
	java.specification.name = Java Platform API Specification
	java.specification.vendor = Oracle Corporation
	java.specification.version = 1.8
	java.util.logging.manager = org.jboss.logmanager.LogManager
	java.vendor = Oracle Corporation
	java.vendor.url = http://java.oracle.com/
	java.vendor.url.bug = http://bugreport.sun.com/bugreport/
	java.version = 1.8.0_151
	java.vm.info = mixed mode
	java.vm.name = Java HotSpot(TM) 64-Bit Server VM
	java.vm.specification.name = Java Virtual Machine Specification
	java.vm.specification.vendor = Oracle Corporation
	java.vm.specification.version = 1.8
	java.vm.vendor = Oracle Corporation
	java.vm.version = 25.151-b12
	javax.management.builder.initial = org.jboss.as.jmx.PluggableMBeanServerBuilder
	javax.xml.datatype.DatatypeFactory = __redirected.__DatatypeFactory
	javax.xml.parsers.DocumentBuilderFactory = __redirected.__DocumentBuilderFactory
	javax.xml.parsers.SAXParserFactory = __redirected.__SAXParserFactory
	javax.xml.stream.XMLEventFactory = __redirected.__XMLEventFactory
	javax.xml.stream.XMLInputFactory = __redirected.__XMLInputFactory
	javax.xml.stream.XMLOutputFactory = __redirected.__XMLOutputFactory
	javax.xml.transform.TransformerFactory = __redirected.__TransformerFactory
	javax.xml.validation.SchemaFactory:http://www.w3.org/2001/XMLSchema = __redirected.__SchemaFactory
	javax.xml.xpath.XPathFactory:http://java.sun.com/jaxp/xpath/dom = __redirected.__XPathFactory
	jboss.home.dir = C:\Users\Shade\Documents\GIT\i-sure\keycloak-3.4.1.Final
	jboss.host.name = desktop-o6qod7o
	jboss.modules.dir = C:\Users\Shade\Documents\GIT\i-sure\keycloak-3.4.1.Final\modules
	jboss.modules.system.pkgs = org.jboss.byteman
	jboss.node.name = desktop-o6qod7o
	jboss.qualified.host.name = desktop-o6qod7o
	jboss.server.base.dir = C:\Users\Shade\Documents\GIT\i-sure\keycloak-3.4.1.Final\standalone
	jboss.server.config.dir = C:\Users\Shade\Documents\GIT\i-sure\keycloak-3.4.1.Final\standalone\configuration
	jboss.server.data.dir = C:\Users\Shade\Documents\GIT\i-sure\keycloak-3.4.1.Final\standalone\data
	jboss.server.deploy.dir = C:\Users\Shade\Documents\GIT\i-sure\keycloak-3.4.1.Final\standalone\data\content
	jboss.server.log.dir = C:\Users\Shade\Documents\GIT\i-sure\keycloak-3.4.1.Final\standalone\log
	jboss.server.name = desktop-o6qod7o
	jboss.server.persist.config = true
	jboss.server.temp.dir = C:\Users\Shade\Documents\GIT\i-sure\keycloak-3.4.1.Final\standalone\tmp
	line.separator = 

	logging.configuration = file:C:\Users\Shade\Documents\GIT\i-sure\keycloak-3.4.1.Final\standalone\configuration/logging.properties
	module.path = C:\Users\Shade\Documents\GIT\i-sure\keycloak-3.4.1.Final\modules
	org.jboss.boot.log.file = C:\Users\Shade\Documents\GIT\i-sure\keycloak-3.4.1.Final\standalone\log\server.log
	org.jboss.resolver.warning = true
	org.xml.sax.driver = __redirected.__XMLReaderFactory
	os.arch = amd64
	os.name = Windows 10
	os.version = 10.0
	path.separator = ;
	program.name = standalone.bat
	sun.arch.data.model = 64
	sun.boot.class.path = C:\Program Files\Java\jdk1.8.0_151\jre\lib\resources.jar;C:\Program Files\Java\jdk1.8.0_151\jre\lib\rt.jar;C:\Program Files\Java\jdk1.8.0_151\jre\lib\sunrsasign.jar;C:\Program Files\Java\jdk1.8.0_151\jre\lib\jsse.jar;C:\Program Files\Java\jdk1.8.0_151\jre\lib\jce.jar;C:\Program Files\Java\jdk1.8.0_151\jre\lib\charsets.jar;C:\Program Files\Java\jdk1.8.0_151\jre\lib\jfr.jar;C:\Program Files\Java\jdk1.8.0_151\jre\classes
	sun.boot.library.path = C:\Program Files\Java\jdk1.8.0_151\jre\bin
	sun.cpu.endian = little
	sun.cpu.isalist = amd64
	sun.desktop = windows
	sun.io.unicode.encoding = UnicodeLittle
	sun.java.command = C:\Users\Shade\Documents\GIT\i-sure\keycloak-3.4.1.Final\jboss-modules.jar -mp C:\Users\Shade\Documents\GIT\i-sure\keycloak-3.4.1.Final\modules org.jboss.as.standalone -Djboss.home.dir=C:\Users\Shade\Documents\GIT\i-sure\keycloak-3.4.1.Final
	sun.java.launcher = SUN_STANDARD
	sun.jnu.encoding = Cp1252
	sun.management.compiler = HotSpot 64-Bit Tiered Compilers
	sun.os.patch.level = 
	sun.stderr.encoding = cp437
	sun.stdout.encoding = cp437
	user.country = US
	user.dir = C:\Users\Shade\Documents\GIT\i-sure\keycloak-3.4.1.Final\bin
	user.home = C:\Users\Shade
	user.language = en
	user.name = Shade
	user.script = 
	user.timezone = Europe/Prague
	user.variant = 
2018-01-21 14:45:34,690 DEBUG [org.jboss.as.config] (MSC service thread 1-7) VM Arguments: -Dprogram.name=standalone.bat -Xms64M -Xmx512M -XX:MetaspaceSize=96M -XX:MaxMetaspaceSize=256m -Djava.net.preferIPv4Stack=true -Djboss.modules.system.pkgs=org.jboss.byteman -Dorg.jboss.boot.log.file=C:\Users\Shade\Documents\GIT\i-sure\keycloak-3.4.1.Final\standalone\log\server.log -Dlogging.configuration=file:C:\Users\Shade\Documents\GIT\i-sure\keycloak-3.4.1.Final\standalone\configuration/logging.properties 
2018-01-21 14:46:25,779 INFO  [org.jboss.as.controller.management-deprecated] (Controller Boot Thread) WFLYCTL0028: Attribute 'security-realm' in the resource at address '/core-service=management/management-interface=http-interface' is deprecated, and may be removed in future version. See the attribute description in the output of the read-resource-description operation to learn more about the deprecation.
2018-01-21 14:46:26,315 INFO  [org.jboss.as.controller.management-deprecated] (ServerService Thread Pool -- 36) WFLYCTL0028: Attribute 'security-realm' in the resource at address '/subsystem=undertow/server=default-server/https-listener=https' is deprecated, and may be removed in future version. See the attribute description in the output of the read-resource-description operation to learn more about the deprecation.
2018-01-21 14:46:26,309 INFO  [org.wildfly.security] (ServerService Thread Pool -- 40) ELY00001: WildFly Elytron version 1.1.6.Final
2018-01-21 14:46:28,044 INFO  [org.jboss.as.server] (Controller Boot Thread) WFLYSRV0039: Creating http management service using socket-binding (management-http)
2018-01-21 14:46:29,139 INFO  [org.xnio] (MSC service thread 1-3) XNIO version 3.5.4.Final
2018-01-21 14:46:29,396 INFO  [org.xnio.nio] (MSC service thread 1-3) XNIO NIO Implementation Version 3.5.4.Final
2018-01-21 14:46:29,927 WARN  [org.jboss.as.txn] (ServerService Thread Pool -- 62) WFLYTX0013: The node-identifier attribute on the /subsystem=transactions is set to the default value. This is a danger for environments running multiple servers. Please make sure the attribute value is unique.
2018-01-21 14:46:30,009 INFO  [org.jboss.as.clustering.infinispan] (ServerService Thread Pool -- 50) WFLYCLINF0001: Activating Infinispan subsystem.
2018-01-21 14:46:30,043 INFO  [org.jboss.as.naming] (ServerService Thread Pool -- 56) WFLYNAM0001: Activating Naming Subsystem
2018-01-21 14:46:30,058 INFO  [org.jboss.as.jaxrs] (ServerService Thread Pool -- 51) WFLYRS0016: RESTEasy version 3.0.24.Final
2018-01-21 14:46:30,232 INFO  [org.jboss.as.security] (ServerService Thread Pool -- 61) WFLYSEC0002: Activating Security Subsystem
2018-01-21 14:46:30,529 INFO  [org.jboss.as.security] (MSC service thread 1-1) WFLYSEC0001: Current PicketBox version=5.0.2.Final
2018-01-21 14:46:30,646 INFO  [org.jboss.as.connector] (MSC service thread 1-2) WFLYJCA0009: Starting JCA Subsystem (WildFly/IronJacamar 1.4.6.Final)
2018-01-21 14:46:33,424 INFO  [org.wildfly.extension.undertow] (MSC service thread 1-7) WFLYUT0003: Undertow 1.4.18.Final starting
2018-01-21 14:46:34,516 INFO  [org.jboss.as.connector.subsystems.datasources] (ServerService Thread Pool -- 45) WFLYJCA0004: Deploying JDBC-compliant driver class org.h2.Driver (version 1.4)
2018-01-21 14:46:34,526 INFO  [org.jboss.as.connector.deployers.jdbc] (MSC service thread 1-2) WFLYJCA0018: Started Driver service with driver-name = h2
2018-01-21 14:46:37,831 INFO  [org.wildfly.extension.undertow] (ServerService Thread Pool -- 63) WFLYUT0014: Creating file handler for path 'C:\Users\Shade\Documents\GIT\i-sure\keycloak-3.4.1.Final/welcome-content' with options [directory-listing: 'false', follow-symlink: 'false', case-sensitive: 'true', safe-symlink-paths: '[]']
2018-01-21 14:46:38,562 INFO  [org.jboss.as.naming] (MSC service thread 1-2) WFLYNAM0003: Starting Naming Service
2018-01-21 14:46:38,570 INFO  [org.jboss.as.mail.extension] (MSC service thread 1-1) WFLYMAIL0001: Bound mail session [java:jboss/mail/Default]
2018-01-21 14:46:40,805 INFO  [org.wildfly.extension.io] (ServerService Thread Pool -- 49) WFLYIO001: Worker 'default' has auto-configured to 8 core threads with 64 task threads based on your 4 available processors
2018-01-21 14:46:40,812 INFO  [org.jboss.as.ejb3] (MSC service thread 1-5) WFLYEJB0482: Strict pool mdb-strict-max-pool is using a max instance size of 16 (per class), which is derived from the number of CPUs on this host.
2018-01-21 14:46:40,812 INFO  [org.jboss.as.ejb3] (MSC service thread 1-6) WFLYEJB0481: Strict pool slsb-strict-max-pool is using a max instance size of 64 (per class), which is derived from thread worker pool sizing.
2018-01-21 14:46:41,710 INFO  [org.jboss.remoting] (MSC service thread 1-3) JBoss Remoting version 5.0.5.Final
2018-01-21 14:46:41,773 INFO  [org.wildfly.extension.undertow] (MSC service thread 1-6) WFLYUT0012: Started server default-server.
2018-01-21 14:46:41,875 INFO  [org.wildfly.extension.undertow] (MSC service thread 1-5) WFLYUT0018: Host default-host starting
2018-01-21 14:46:42,419 WARN  [org.jboss.as.domain.management.security] (MSC service thread 1-5) WFLYDM0111: Keystore C:\Users\Shade\Documents\GIT\i-sure\keycloak-3.4.1.Final\standalone\configuration\application.keystore not found, it will be auto generated on first use with a self signed certificate for host localhost
2018-01-21 14:46:42,540 INFO  [org.jboss.as.patching] (MSC service thread 1-7) WFLYPAT0050: Keycloak cumulative patch ID is: base, one-off patches include: none
2018-01-21 14:46:42,723 INFO  [org.jboss.as.server.deployment.scanner] (MSC service thread 1-2) WFLYDS0013: Started FileSystemDeploymentService for directory C:\Users\Shade\Documents\GIT\i-sure\keycloak-3.4.1.Final\standalone\deployments
2018-01-21 14:46:42,968 INFO  [org.jboss.as.server.deployment] (MSC service thread 1-7) WFLYSRV0027: Starting deployment of "keycloak-server.war" (runtime-name: "keycloak-server.war")
2018-01-21 14:46:44,120 INFO  [org.wildfly.extension.undertow] (MSC service thread 1-1) WFLYUT0006: Undertow HTTP listener default listening on 127.0.0.1:8080
2018-01-21 14:46:44,717 INFO  [org.jboss.as.ejb3] (MSC service thread 1-3) WFLYEJB0493: EJB subsystem suspension complete
2018-01-21 14:46:46,689 INFO  [org.jboss.as.connector.subsystems.datasources] (MSC service thread 1-8) WFLYJCA0001: Bound data source [java:jboss/datasources/ExampleDS]
2018-01-21 14:46:46,699 INFO  [org.jboss.as.connector.subsystems.datasources] (MSC service thread 1-3) WFLYJCA0001: Bound data source [java:jboss/datasources/KeycloakDS]
2018-01-21 14:46:49,253 INFO  [org.wildfly.extension.undertow] (MSC service thread 1-7) WFLYUT0006: Undertow HTTPS listener https listening on 127.0.0.1:8443
2018-01-21 14:47:00,995 INFO  [org.infinispan.factories.GlobalComponentRegistry] (MSC service thread 1-7) ISPN000128: Infinispan version: Infinispan 'Chakra' 8.2.8.Final
2018-01-21 14:47:04,527 INFO  [org.jboss.as.clustering.infinispan] (ServerService Thread Pool -- 77) WFLYCLINF0002: Started clientSessions cache from keycloak container
2018-01-21 14:47:04,675 INFO  [org.jboss.as.clustering.infinispan] (ServerService Thread Pool -- 70) WFLYCLINF0002: Started realms cache from keycloak container
2018-01-21 14:47:04,675 INFO  [org.jboss.as.clustering.infinispan] (ServerService Thread Pool -- 73) WFLYCLINF0002: Started keys cache from keycloak container
2018-01-21 14:47:04,528 INFO  [org.jboss.as.clustering.infinispan] (ServerService Thread Pool -- 75) WFLYCLINF0002: Started offlineClientSessions cache from keycloak container
2018-01-21 14:47:04,676 INFO  [org.jboss.as.clustering.infinispan] (ServerService Thread Pool -- 69) WFLYCLINF0002: Started authenticationSessions cache from keycloak container
2018-01-21 14:47:04,677 INFO  [org.jboss.as.clustering.infinispan] (ServerService Thread Pool -- 68) WFLYCLINF0002: Started sessions cache from keycloak container
2018-01-21 14:47:04,677 INFO  [org.jboss.as.clustering.infinispan] (ServerService Thread Pool -- 67) WFLYCLINF0002: Started authorization cache from keycloak container
2018-01-21 14:47:04,676 INFO  [org.jboss.as.clustering.infinispan] (ServerService Thread Pool -- 71) WFLYCLINF0002: Started loginFailures cache from keycloak container
2018-01-21 14:47:04,678 INFO  [org.jboss.as.clustering.infinispan] (ServerService Thread Pool -- 72) WFLYCLINF0002: Started work cache from keycloak container
2018-01-21 14:47:04,678 INFO  [org.jboss.as.clustering.infinispan] (ServerService Thread Pool -- 78) WFLYCLINF0002: Started users cache from keycloak container
2018-01-21 14:47:04,678 INFO  [org.jboss.as.clustering.infinispan] (ServerService Thread Pool -- 79) WFLYCLINF0002: Started offlineSessions cache from keycloak container
2018-01-21 14:47:04,678 INFO  [org.jboss.as.clustering.infinispan] (ServerService Thread Pool -- 74) WFLYCLINF0002: Started actionTokens cache from keycloak container
2018-01-21 14:47:05,002 INFO  [org.jboss.as.clustering.infinispan] (ServerService Thread Pool -- 76) WFLYCLINF0002: Started client-mappings cache from ejb container
2018-01-21 14:47:25,504 INFO  [org.keycloak.services] (ServerService Thread Pool -- 76) KC-SERVICES0001: Loading config from standalone.xml or domain.xml
2018-01-21 14:47:37,478 INFO  [org.jboss.as.clustering.infinispan] (ServerService Thread Pool -- 76) WFLYCLINF0002: Started realmRevisions cache from keycloak container
2018-01-21 14:47:37,487 INFO  [org.jboss.as.clustering.infinispan] (ServerService Thread Pool -- 76) WFLYCLINF0002: Started userRevisions cache from keycloak container
2018-01-21 14:47:37,537 INFO  [org.jboss.as.clustering.infinispan] (ServerService Thread Pool -- 76) WFLYCLINF0002: Started authorizationRevisions cache from keycloak container
2018-01-21 14:47:37,541 INFO  [org.keycloak.connections.infinispan.DefaultInfinispanConnectionProviderFactory] (ServerService Thread Pool -- 76) Node name: desktop-o6qod7o, Site name: null
2018-01-21 14:47:45,601 INFO  [org.hibernate.jpa.internal.util.LogHelper] (ServerService Thread Pool -- 76) HHH000204: Processing PersistenceUnitInfo [
	name: keycloak-default
	...]
2018-01-21 14:47:46,362 INFO  [org.hibernate.Version] (ServerService Thread Pool -- 76) HHH000412: Hibernate Core {5.1.10.Final}
2018-01-21 14:47:46,369 INFO  [org.hibernate.cfg.Environment] (ServerService Thread Pool -- 76) HHH000206: hibernate.properties not found
2018-01-21 14:47:46,374 INFO  [org.hibernate.cfg.Environment] (ServerService Thread Pool -- 76) HHH000021: Bytecode provider name : javassist
2018-01-21 14:47:46,785 INFO  [org.hibernate.annotations.common.Version] (ServerService Thread Pool -- 76) HCANN000001: Hibernate Commons Annotations {5.0.1.Final}
2018-01-21 14:47:47,737 INFO  [org.hibernate.dialect.Dialect] (ServerService Thread Pool -- 76) HHH000400: Using dialect: org.hibernate.dialect.H2Dialect
2018-01-21 14:47:47,751 WARN  [org.hibernate.dialect.H2Dialect] (ServerService Thread Pool -- 76) HHH000431: Unable to determine H2 database version, certain features may not work
2018-01-21 14:47:48,079 INFO  [org.hibernate.envers.boot.internal.EnversServiceImpl] (ServerService Thread Pool -- 76) Envers integration enabled? : true
2018-01-21 14:47:50,950 INFO  [org.hibernate.validator.internal.util.Version] (ServerService Thread Pool -- 76) HV000001: Hibernate Validator 5.3.5.Final
2018-01-21 14:47:53,954 INFO  [org.hibernate.hql.internal.QueryTranslatorFactoryInitiator] (ServerService Thread Pool -- 76) HHH000397: Using ASTQueryTranslatorFactory
2018-01-21 14:47:57,719 INFO  [org.jboss.resteasy.resteasy_jaxrs.i18n] (ServerService Thread Pool -- 76) RESTEASY002225: Deploying javax.ws.rs.core.Application: class org.keycloak.services.resources.KeycloakApplication
2018-01-21 14:47:57,726 INFO  [org.jboss.resteasy.resteasy_jaxrs.i18n] (ServerService Thread Pool -- 76) RESTEASY002200: Adding class resource org.keycloak.services.resources.ThemeResource from Application class org.keycloak.services.resources.KeycloakApplication
2018-01-21 14:47:57,728 INFO  [org.jboss.resteasy.resteasy_jaxrs.i18n] (ServerService Thread Pool -- 76) RESTEASY002205: Adding provider class org.keycloak.services.filters.KeycloakTransactionCommitter from Application class org.keycloak.services.resources.KeycloakApplication
2018-01-21 14:47:57,729 INFO  [org.jboss.resteasy.resteasy_jaxrs.i18n] (ServerService Thread Pool -- 76) RESTEASY002200: Adding class resource org.keycloak.services.resources.JsResource from Application class org.keycloak.services.resources.KeycloakApplication
2018-01-21 14:47:57,730 INFO  [org.jboss.resteasy.resteasy_jaxrs.i18n] (ServerService Thread Pool -- 76) RESTEASY002205: Adding provider class org.keycloak.services.error.KeycloakErrorHandler from Application class org.keycloak.services.resources.KeycloakApplication
2018-01-21 14:47:57,731 INFO  [org.jboss.resteasy.resteasy_jaxrs.i18n] (ServerService Thread Pool -- 76) RESTEASY002210: Adding provider singleton org.keycloak.services.util.ObjectMapperResolver from Application class org.keycloak.services.resources.KeycloakApplication
2018-01-21 14:47:57,732 INFO  [org.jboss.resteasy.resteasy_jaxrs.i18n] (ServerService Thread Pool -- 76) RESTEASY002220: Adding singleton resource org.keycloak.services.resources.ServerVersionResource from Application class org.keycloak.services.resources.KeycloakApplication
2018-01-21 14:47:57,733 INFO  [org.jboss.resteasy.resteasy_jaxrs.i18n] (ServerService Thread Pool -- 76) RESTEASY002220: Adding singleton resource org.keycloak.services.resources.RealmsResource from Application class org.keycloak.services.resources.KeycloakApplication
2018-01-21 14:47:57,734 INFO  [org.jboss.resteasy.resteasy_jaxrs.i18n] (ServerService Thread Pool -- 76) RESTEASY002220: Adding singleton resource org.keycloak.services.resources.WelcomeResource from Application class org.keycloak.services.resources.KeycloakApplication
2018-01-21 14:47:57,735 INFO  [org.jboss.resteasy.resteasy_jaxrs.i18n] (ServerService Thread Pool -- 76) RESTEASY002220: Adding singleton resource org.keycloak.services.resources.RobotsResource from Application class org.keycloak.services.resources.KeycloakApplication
2018-01-21 14:47:57,737 INFO  [org.jboss.resteasy.resteasy_jaxrs.i18n] (ServerService Thread Pool -- 76) RESTEASY002220: Adding singleton resource org.keycloak.services.resources.admin.AdminRoot from Application class org.keycloak.services.resources.KeycloakApplication
2018-01-21 14:47:58,410 INFO  [org.wildfly.extension.undertow] (ServerService Thread Pool -- 76) WFLYUT0021: Registered web context: '/auth' for server 'default-server'
2018-01-21 14:47:58,482 INFO  [org.jboss.as.server] (ServerService Thread Pool -- 64) WFLYSRV0010: Deployed "keycloak-server.war" (runtime-name : "keycloak-server.war")
2018-01-21 14:48:00,236 INFO  [org.jboss.as.server] (Controller Boot Thread) WFLYSRV0212: Resuming server
2018-01-21 14:48:00,240 INFO  [org.jboss.as] (Controller Boot Thread) WFLYSRV0060: Http management interface listening on http://127.0.0.1:9990/management
2018-01-21 14:48:00,240 INFO  [org.jboss.as] (Controller Boot Thread) WFLYSRV0051: Admin console listening on http://127.0.0.1:9990
2018-01-21 14:48:00,241 INFO  [org.jboss.as] (Controller Boot Thread) WFLYSRV0025: Keycloak 3.4.1.Final (WildFly Core 3.0.8.Final) started in 166588ms - Started 545 of 881 services (604 services are lazy, passive or on-demand)
2018-01-21 14:53:00,199 INFO  [org.jboss.as.server] (Thread-2) WFLYSRV0220: Server shutdown has been requested via an OS signal
2018-01-21 14:53:00,704 INFO  [org.jboss.as.connector.subsystems.datasources] (MSC service thread 1-1) WFLYJCA0010: Unbound data source [java:jboss/datasources/KeycloakDS]
2018-01-21 14:53:00,734 INFO  [org.wildfly.extension.undertow] (MSC service thread 1-6) WFLYUT0008: Undertow HTTPS listener https suspending
2018-01-21 14:53:00,739 INFO  [org.wildfly.extension.undertow] (MSC service thread 1-6) WFLYUT0007: Undertow HTTPS listener https stopped, was bound to 127.0.0.1:8443
2018-01-21 14:53:00,777 INFO  [org.wildfly.extension.undertow] (ServerService Thread Pool -- 80) WFLYUT0022: Unregistered web context: '/auth' from server 'default-server'
2018-01-21 14:53:01,108 INFO  [org.jboss.as.connector.subsystems.datasources] (MSC service thread 1-7) WFLYJCA0010: Unbound data source [java:jboss/datasources/ExampleDS]
2018-01-21 14:53:01,231 INFO  [org.wildfly.extension.undertow] (MSC service thread 1-3) WFLYUT0019: Host default-host stopping
2018-01-21 14:53:01,778 INFO  [org.jboss.as.clustering.infinispan] (ServerService Thread Pool -- 92) WFLYCLINF0003: Stopped actionTokens cache from keycloak container
2018-01-21 14:53:01,781 INFO  [org.jboss.as.clustering.infinispan] (ServerService Thread Pool -- 87) WFLYCLINF0003: Stopped work cache from keycloak container
2018-01-21 14:53:01,784 INFO  [org.jboss.as.clustering.infinispan] (ServerService Thread Pool -- 82) WFLYCLINF0003: Stopped offlineSessions cache from keycloak container
2018-01-21 14:53:01,786 INFO  [org.jboss.as.clustering.infinispan] (ServerService Thread Pool -- 81) WFLYCLINF0003: Stopped users cache from keycloak container
2018-01-21 14:53:01,789 INFO  [org.jboss.as.clustering.infinispan] (ServerService Thread Pool -- 85) WFLYCLINF0003: Stopped offlineClientSessions cache from keycloak container
2018-01-21 14:53:01,791 INFO  [org.jboss.as.clustering.infinispan] (ServerService Thread Pool -- 83) WFLYCLINF0003: Stopped keys cache from keycloak container
2018-01-21 14:53:01,793 INFO  [org.jboss.as.clustering.infinispan] (ServerService Thread Pool -- 90) WFLYCLINF0003: Stopped authorization cache from keycloak container
2018-01-21 14:53:01,796 INFO  [org.jboss.as.clustering.infinispan] (ServerService Thread Pool -- 91) WFLYCLINF0003: Stopped loginFailures cache from keycloak container
2018-01-21 14:53:01,812 INFO  [org.jboss.as.clustering.infinispan] (ServerService Thread Pool -- 89) WFLYCLINF0003: Stopped sessions cache from keycloak container
2018-01-21 14:53:01,816 INFO  [org.jboss.as.clustering.infinispan] (ServerService Thread Pool -- 32) WFLYCLINF0003: Stopped client-mappings cache from ejb container
2018-01-21 14:53:01,818 INFO  [org.jboss.as.clustering.infinispan] (ServerService Thread Pool -- 88) WFLYCLINF0003: Stopped clientSessions cache from keycloak container
2018-01-21 14:53:01,824 INFO  [org.jboss.as.clustering.infinispan] (ServerService Thread Pool -- 86) WFLYCLINF0003: Stopped authenticationSessions cache from keycloak container
2018-01-21 14:53:01,828 INFO  [org.wildfly.extension.undertow] (MSC service thread 1-2) WFLYUT0008: Undertow HTTP listener default suspending
2018-01-21 14:53:01,848 INFO  [org.wildfly.extension.undertow] (MSC service thread 1-2) WFLYUT0007: Undertow HTTP listener default stopped, was bound to 127.0.0.1:8080
2018-01-21 14:53:01,846 INFO  [org.jboss.as.server.deployment] (MSC service thread 1-4) WFLYSRV0028: Stopped deployment keycloak-server.war (runtime-name: keycloak-server.war) in 1413ms
2018-01-21 14:53:01,866 INFO  [org.jboss.as.clustering.infinispan] (ServerService Thread Pool -- 84) WFLYCLINF0003: Stopped realms cache from keycloak container
2018-01-21 14:53:01,881 INFO  [org.wildfly.extension.undertow] (MSC service thread 1-2) WFLYUT0004: Undertow 1.4.18.Final stopping
2018-01-21 14:53:02,013 INFO  [org.jboss.as.connector.deployers.jdbc] (MSC service thread 1-5) WFLYJCA0019: Stopped Driver service with driver-name = h2
2018-01-21 14:53:02,027 INFO  [org.jboss.as.clustering.infinispan] (MSC service thread 1-1) WFLYCLINF0003: Stopped authorizationRevisions cache from keycloak container
2018-01-21 14:53:02,035 INFO  [org.jboss.as.clustering.infinispan] (MSC service thread 1-1) WFLYCLINF0003: Stopped realmRevisions cache from keycloak container
2018-01-21 14:53:02,087 INFO  [org.jboss.as.clustering.infinispan] (MSC service thread 1-1) WFLYCLINF0003: Stopped userRevisions cache from keycloak container
2018-01-21 14:53:02,389 INFO  [org.jboss.as] (MSC service thread 1-8) WFLYSRV0050: Keycloak 3.4.1.Final (WildFly Core 3.0.8.Final) stopped in 1843ms
