[INFO ]2018-02-01 13:26:09 com.ftn.PccApplication - Starting PccApplication on DESKTOP-2VNCR0S with PID 16760 (C:\Users\Jasmina\Documents\hg.repositories\sep\PCC\build\classes\main started by Jasmina in C:\Users\Jasmina\Documents\hg.repositories\sep\PCC)
[INFO ]2018-02-01 13:26:09 com.ftn.PccApplication - No active profile set, falling back to default profiles: default
[INFO ]2018-02-01 13:26:10 o.s.b.c.e.AnnotationConfigEmbeddedWebApplicationContext - Refreshing org.springframework.boot.context.embedded.AnnotationConfigEmbeddedWebApplicationContext@3c22fc4c: startup date [Thu Feb 01 13:26:10 CET 2018]; root of context hierarchy
[INFO ]2018-02-01 13:26:11 o.h.validator.internal.util.Version - HV000001: Hibernate Validator 5.3.6.Final
[INFO ]2018-02-01 13:26:20 o.s.b.c.e.t.TomcatEmbeddedServletContainer - Tomcat initialized with port(s): 9025 (http)
[INFO ]2018-02-01 13:26:20 o.a.catalina.core.StandardService - Starting service [Tomcat]
[INFO ]2018-02-01 13:26:20 o.a.catalina.core.StandardEngine - Starting Servlet Engine: Apache Tomcat/8.5.23
[INFO ]2018-02-01 13:26:21 o.a.c.c.C.[Tomcat].[localhost].[/] - Initializing Spring embedded WebApplicationContext
[INFO ]2018-02-01 13:26:21 o.s.web.context.ContextLoader - Root WebApplicationContext: initialization completed in 10795 ms
[INFO ]2018-02-01 13:26:21 o.s.b.w.s.ServletRegistrationBean - Mapping servlet: 'dispatcherServlet' to [/]
[INFO ]2018-02-01 13:26:21 o.s.b.w.s.FilterRegistrationBean - Mapping filter: 'characterEncodingFilter' to: [/*]
[INFO ]2018-02-01 13:26:21 o.s.b.w.s.FilterRegistrationBean - Mapping filter: 'hiddenHttpMethodFilter' to: [/*]
[INFO ]2018-02-01 13:26:21 o.s.b.w.s.FilterRegistrationBean - Mapping filter: 'httpPutFormContentFilter' to: [/*]
[INFO ]2018-02-01 13:26:21 o.s.b.w.s.FilterRegistrationBean - Mapping filter: 'requestContextFilter' to: [/*]
[INFO ]2018-02-01 13:26:24 o.s.o.j.LocalContainerEntityManagerFactoryBean - Building JPA container EntityManagerFactory for persistence unit 'default'
[INFO ]2018-02-01 13:26:24 o.h.jpa.internal.util.LogHelper - HHH000204: Processing PersistenceUnitInfo [
	name: default
	...]
[INFO ]2018-02-01 13:26:24 org.hibernate.Version - HHH000412: Hibernate Core {5.0.12.Final}
[INFO ]2018-02-01 13:26:24 org.hibernate.cfg.Environment - HHH000206: hibernate.properties not found
[INFO ]2018-02-01 13:26:24 org.hibernate.cfg.Environment - HHH000021: Bytecode provider name : javassist
[INFO ]2018-02-01 13:26:24 o.h.annotations.common.Version - HCANN000001: Hibernate Commons Annotations {5.0.1.Final}
[INFO ]2018-02-01 13:26:24 org.hibernate.dialect.Dialect - HHH000400: Using dialect: org.hibernate.dialect.MySQL5Dialect
[INFO ]2018-02-01 13:26:25 o.h.tool.hbm2ddl.SchemaExport - HHH000227: Running hbm2ddl schema export
[INFO ]2018-02-01 13:26:31 o.h.tool.hbm2ddl.SchemaExport - HHH000476: Executing import script 'insert.sql'
[INFO ]2018-02-01 13:26:31 o.h.tool.hbm2ddl.SchemaExport - HHH000230: Schema export complete
[INFO ]2018-02-01 13:26:31 o.s.o.j.LocalContainerEntityManagerFactoryBean - Initialized JPA EntityManagerFactory for persistence unit 'default'
[INFO ]2018-02-01 13:26:34 o.s.w.s.m.m.a.RequestMappingHandlerAdapter - Looking for @ControllerAdvice: org.springframework.boot.context.embedded.AnnotationConfigEmbeddedWebApplicationContext@3c22fc4c: startup date [Thu Feb 01 13:26:10 CET 2018]; root of context hierarchy
[INFO ]2018-02-01 13:26:35 o.s.w.s.m.m.a.RequestMappingHandlerMapping - Mapped "{[/pcc/response],methods=[POST]}" onto public org.springframework.http.ResponseEntity com.ftn.controller.PccController.receiveResponse(com.ftn.model.dto.PaymentResponseInfoDTO,org.springframework.validation.BindingResult)
[INFO ]2018-02-01 13:26:35 o.s.w.s.m.m.a.RequestMappingHandlerMapping - Mapped "{[/pcc],methods=[POST]}" onto public org.springframework.http.ResponseEntity com.ftn.controller.PccController.receiveOrder(com.ftn.model.dto.PaymentOrderDTO,org.springframework.validation.BindingResult,javax.servlet.http.HttpServletRequest)
[INFO ]2018-02-01 13:26:35 o.s.w.s.m.m.a.RequestMappingHandlerMapping - Mapped "{[/error]}" onto public org.springframework.http.ResponseEntity<java.util.Map<java.lang.String, java.lang.Object>> org.springframework.boot.autoconfigure.web.BasicErrorController.error(javax.servlet.http.HttpServletRequest)
[INFO ]2018-02-01 13:26:35 o.s.w.s.m.m.a.RequestMappingHandlerMapping - Mapped "{[/error],produces=[text/html]}" onto public org.springframework.web.servlet.ModelAndView org.springframework.boot.autoconfigure.web.BasicErrorController.errorHtml(javax.servlet.http.HttpServletRequest,javax.servlet.http.HttpServletResponse)
[INFO ]2018-02-01 13:26:35 o.s.w.s.h.SimpleUrlHandlerMapping - Mapped URL path [/webjars/**] onto handler of type [class org.springframework.web.servlet.resource.ResourceHttpRequestHandler]
[INFO ]2018-02-01 13:26:35 o.s.w.s.h.SimpleUrlHandlerMapping - Mapped URL path [/**] onto handler of type [class org.springframework.web.servlet.resource.ResourceHttpRequestHandler]
[INFO ]2018-02-01 13:26:36 o.s.w.s.h.SimpleUrlHandlerMapping - Mapped URL path [/**/favicon.ico] onto handler of type [class org.springframework.web.servlet.resource.ResourceHttpRequestHandler]
[INFO ]2018-02-01 13:26:36 o.s.j.e.a.AnnotationMBeanExporter - Registering beans for JMX exposure on startup
[INFO ]2018-02-01 13:26:37 o.a.coyote.http11.Http11NioProtocol - Initializing ProtocolHandler ["http-nio-9025"]
[INFO ]2018-02-01 13:26:37 o.a.coyote.http11.Http11NioProtocol - Starting ProtocolHandler ["http-nio-9025"]
[INFO ]2018-02-01 13:26:37 o.a.tomcat.util.net.NioSelectorPool - Using a shared selector for servlet write/read
[INFO ]2018-02-01 13:26:37 o.s.b.c.e.t.TomcatEmbeddedServletContainer - Tomcat started on port(s): 9025 (http)
[INFO ]2018-02-01 13:26:37 o.h.h.i.QueryTranslatorFactoryInitiator - HHH000397: Using ASTQueryTranslatorFactory
[INFO ]2018-02-01 13:26:40 com.ftn.PccApplication - Started PccApplication in 38.786 seconds (JVM running for 57.608)
[INFO ]2018-02-01 13:29:29 o.a.c.c.C.[Tomcat].[localhost].[/] - Initializing Spring FrameworkServlet 'dispatcherServlet'
[INFO ]2018-02-01 13:29:29 o.s.web.servlet.DispatcherServlet - FrameworkServlet 'dispatcherServlet': initialization started
[INFO ]2018-02-01 13:29:29 o.s.web.servlet.DispatcherServlet - FrameworkServlet 'dispatcherServlet': initialization completed in 23 ms
[INFO ]2018-02-01 13:29:30 com.ftn.controller.PccController - Payment order sent to issuer
[INFO ]2018-02-01 13:41:24 com.ftn.controller.PccController - Payment order sent to issuer
[INFO ]2018-02-01 13:47:13 com.ftn.controller.PccController - Payment order sent to issuer
[INFO ]2018-02-01 14:02:53 com.ftn.controller.PccController - Payment order sent to issuer
[INFO ]2018-02-01 14:11:38 com.ftn.PccApplication - Starting PccApplication on DESKTOP-2VNCR0S with PID 4768 (C:\Users\Jasmina\Documents\hg.repositories\sep\PCC\build\classes\main started by Jasmina in C:\Users\Jasmina\Documents\hg.repositories\sep\PCC)
[INFO ]2018-02-01 14:11:38 com.ftn.PccApplication - No active profile set, falling back to default profiles: default
[INFO ]2018-02-01 14:11:39 o.h.validator.internal.util.Version - HV000001: Hibernate Validator 5.3.6.Final
[INFO ]2018-02-01 14:11:40 o.s.b.c.e.AnnotationConfigEmbeddedWebApplicationContext - Refreshing org.springframework.boot.context.embedded.AnnotationConfigEmbeddedWebApplicationContext@3c22fc4c: startup date [Thu Feb 01 14:11:40 CET 2018]; root of context hierarchy
[INFO ]2018-02-01 14:11:58 o.s.b.c.e.t.TomcatEmbeddedServletContainer - Tomcat initialized with port(s): 9025 (http)
[INFO ]2018-02-01 14:11:58 o.a.catalina.core.StandardService - Starting service [Tomcat]
[INFO ]2018-02-01 14:11:58 o.a.catalina.core.StandardEngine - Starting Servlet Engine: Apache Tomcat/8.5.23
[INFO ]2018-02-01 14:11:58 o.a.c.c.C.[Tomcat].[localhost].[/] - Initializing Spring embedded WebApplicationContext
[INFO ]2018-02-01 14:11:58 o.s.web.context.ContextLoader - Root WebApplicationContext: initialization completed in 18036 ms
[INFO ]2018-02-01 14:11:58 o.s.b.w.s.ServletRegistrationBean - Mapping servlet: 'dispatcherServlet' to [/]
[INFO ]2018-02-01 14:11:58 o.s.b.w.s.FilterRegistrationBean - Mapping filter: 'characterEncodingFilter' to: [/*]
[INFO ]2018-02-01 14:11:58 o.s.b.w.s.FilterRegistrationBean - Mapping filter: 'hiddenHttpMethodFilter' to: [/*]
[INFO ]2018-02-01 14:11:58 o.s.b.w.s.FilterRegistrationBean - Mapping filter: 'httpPutFormContentFilter' to: [/*]
[INFO ]2018-02-01 14:11:58 o.s.b.w.s.FilterRegistrationBean - Mapping filter: 'requestContextFilter' to: [/*]
[INFO ]2018-02-01 14:12:01 o.s.o.j.LocalContainerEntityManagerFactoryBean - Building JPA container EntityManagerFactory for persistence unit 'default'
[INFO ]2018-02-01 14:12:02 o.h.jpa.internal.util.LogHelper - HHH000204: Processing PersistenceUnitInfo [
	name: default
	...]
[INFO ]2018-02-01 14:12:02 org.hibernate.Version - HHH000412: Hibernate Core {5.0.12.Final}
[INFO ]2018-02-01 14:12:02 org.hibernate.cfg.Environment - HHH000206: hibernate.properties not found
[INFO ]2018-02-01 14:12:02 org.hibernate.cfg.Environment - HHH000021: Bytecode provider name : javassist
[INFO ]2018-02-01 14:12:02 o.h.annotations.common.Version - HCANN000001: Hibernate Commons Annotations {5.0.1.Final}
[INFO ]2018-02-01 14:12:02 org.hibernate.dialect.Dialect - HHH000400: Using dialect: org.hibernate.dialect.MySQL5Dialect
[INFO ]2018-02-01 14:12:02 o.h.tool.hbm2ddl.SchemaExport - HHH000227: Running hbm2ddl schema export
[INFO ]2018-02-01 14:12:07 o.h.tool.hbm2ddl.SchemaExport - HHH000476: Executing import script 'insert.sql'
[INFO ]2018-02-01 14:12:08 o.h.tool.hbm2ddl.SchemaExport - HHH000230: Schema export complete
[INFO ]2018-02-01 14:12:10 o.s.o.j.LocalContainerEntityManagerFactoryBean - Initialized JPA EntityManagerFactory for persistence unit 'default'
[INFO ]2018-02-01 14:12:20 o.s.w.s.m.m.a.RequestMappingHandlerAdapter - Looking for @ControllerAdvice: org.springframework.boot.context.embedded.AnnotationConfigEmbeddedWebApplicationContext@3c22fc4c: startup date [Thu Feb 01 14:11:40 CET 2018]; root of context hierarchy
[INFO ]2018-02-01 14:12:22 o.s.w.s.m.m.a.RequestMappingHandlerMapping - Mapped "{[/pcc/response],methods=[POST]}" onto public org.springframework.http.ResponseEntity com.ftn.controller.PccController.receiveResponse(com.ftn.model.dto.PaymentResponseInfoDTO,org.springframework.validation.BindingResult)
[INFO ]2018-02-01 14:12:22 o.s.w.s.m.m.a.RequestMappingHandlerMapping - Mapped "{[/pcc],methods=[POST]}" onto public org.springframework.http.ResponseEntity com.ftn.controller.PccController.receiveOrder(com.ftn.model.dto.PaymentOrderDTO,org.springframework.validation.BindingResult,javax.servlet.http.HttpServletRequest)
[INFO ]2018-02-01 14:12:22 o.s.w.s.m.m.a.RequestMappingHandlerMapping - Mapped "{[/error]}" onto public org.springframework.http.ResponseEntity<java.util.Map<java.lang.String, java.lang.Object>> org.springframework.boot.autoconfigure.web.BasicErrorController.error(javax.servlet.http.HttpServletRequest)
[INFO ]2018-02-01 14:12:22 o.s.w.s.m.m.a.RequestMappingHandlerMapping - Mapped "{[/error],produces=[text/html]}" onto public org.springframework.web.servlet.ModelAndView org.springframework.boot.autoconfigure.web.BasicErrorController.errorHtml(javax.servlet.http.HttpServletRequest,javax.servlet.http.HttpServletResponse)
[INFO ]2018-02-01 14:12:22 o.s.w.s.h.SimpleUrlHandlerMapping - Mapped URL path [/webjars/**] onto handler of type [class org.springframework.web.servlet.resource.ResourceHttpRequestHandler]
[INFO ]2018-02-01 14:12:22 o.s.w.s.h.SimpleUrlHandlerMapping - Mapped URL path [/**] onto handler of type [class org.springframework.web.servlet.resource.ResourceHttpRequestHandler]
[INFO ]2018-02-01 14:12:22 o.s.w.s.h.SimpleUrlHandlerMapping - Mapped URL path [/**/favicon.ico] onto handler of type [class org.springframework.web.servlet.resource.ResourceHttpRequestHandler]
[INFO ]2018-02-01 14:12:23 o.s.j.e.a.AnnotationMBeanExporter - Registering beans for JMX exposure on startup
[INFO ]2018-02-01 14:12:23 o.a.coyote.http11.Http11NioProtocol - Initializing ProtocolHandler ["http-nio-9025"]
[INFO ]2018-02-01 14:12:23 o.a.coyote.http11.Http11NioProtocol - Starting ProtocolHandler ["http-nio-9025"]
[INFO ]2018-02-01 14:12:23 o.a.tomcat.util.net.NioSelectorPool - Using a shared selector for servlet write/read
[INFO ]2018-02-01 14:12:24 o.s.b.c.e.t.TomcatEmbeddedServletContainer - Tomcat started on port(s): 9025 (http)
[INFO ]2018-02-01 14:12:24 o.h.h.i.QueryTranslatorFactoryInitiator - HHH000397: Using ASTQueryTranslatorFactory
[INFO ]2018-02-01 14:12:26 com.ftn.PccApplication - Started PccApplication in 57.415 seconds (JVM running for 79.644)
[INFO ]2018-02-01 14:16:25 o.a.c.c.C.[Tomcat].[localhost].[/] - Initializing Spring FrameworkServlet 'dispatcherServlet'
[INFO ]2018-02-01 14:16:25 o.s.web.servlet.DispatcherServlet - FrameworkServlet 'dispatcherServlet': initialization started
[INFO ]2018-02-01 14:16:25 o.s.web.servlet.DispatcherServlet - FrameworkServlet 'dispatcherServlet': initialization completed in 40 ms
[INFO ]2018-02-01 14:16:26 com.ftn.controller.PccController - Payment order sent to issuer
[INFO ]2018-02-01 14:26:01 com.ftn.controller.PccController - Payment order sent to issuer
[INFO ]2018-02-01 14:35:34 com.ftn.controller.PccController - Payment order sent to issuer
[INFO ]2018-02-01 14:41:41 com.ftn.controller.PccController - Payment order sent to issuer
[INFO ]2018-02-01 18:26:22 com.ftn.PccApplication - Starting PccApplication on Zlatans-MacBook-Pro.local with PID 29196 (/Users/zlatan/Documents/GIT/i-sure/PCC/build/classes/main started by zlatan in /Users/zlatan/Documents/GIT/i-sure/PCC)
[INFO ]2018-02-01 18:26:22 com.ftn.PccApplication - No active profile set, falling back to default profiles: default
[INFO ]2018-02-01 18:26:22 o.s.b.c.e.AnnotationConfigEmbeddedWebApplicationContext - Refreshing org.springframework.boot.context.embedded.AnnotationConfigEmbeddedWebApplicationContext@5223e5ee: startup date [Thu Feb 01 18:26:22 CET 2018]; root of context hierarchy
[INFO ]2018-02-01 18:26:23 o.h.validator.internal.util.Version - HV000001: Hibernate Validator 5.3.6.Final
[INFO ]2018-02-01 18:26:25 o.s.b.c.e.t.TomcatEmbeddedServletContainer - Tomcat initialized with port(s): 9025 (http)
[INFO ]2018-02-01 18:26:25 o.a.catalina.core.StandardService - Starting service [Tomcat]
[INFO ]2018-02-01 18:26:25 o.a.catalina.core.StandardEngine - Starting Servlet Engine: Apache Tomcat/8.5.23
[INFO ]2018-02-01 18:26:25 o.a.c.c.C.[Tomcat].[localhost].[/] - Initializing Spring embedded WebApplicationContext
[INFO ]2018-02-01 18:26:25 o.s.web.context.ContextLoader - Root WebApplicationContext: initialization completed in 2989 ms
[INFO ]2018-02-01 18:26:26 o.s.b.w.s.ServletRegistrationBean - Mapping servlet: 'dispatcherServlet' to [/]
[INFO ]2018-02-01 18:26:26 o.s.b.w.s.FilterRegistrationBean - Mapping filter: 'characterEncodingFilter' to: [/*]
[INFO ]2018-02-01 18:26:26 o.s.b.w.s.FilterRegistrationBean - Mapping filter: 'hiddenHttpMethodFilter' to: [/*]
[INFO ]2018-02-01 18:26:26 o.s.b.w.s.FilterRegistrationBean - Mapping filter: 'httpPutFormContentFilter' to: [/*]
[INFO ]2018-02-01 18:26:26 o.s.b.w.s.FilterRegistrationBean - Mapping filter: 'requestContextFilter' to: [/*]
[INFO ]2018-02-01 18:26:26 o.s.o.j.LocalContainerEntityManagerFactoryBean - Building JPA container EntityManagerFactory for persistence unit 'default'
[INFO ]2018-02-01 18:26:26 o.h.jpa.internal.util.LogHelper - HHH000204: Processing PersistenceUnitInfo [
	name: default
	...]
[INFO ]2018-02-01 18:26:26 org.hibernate.Version - HHH000412: Hibernate Core {5.0.12.Final}
[INFO ]2018-02-01 18:26:26 org.hibernate.cfg.Environment - HHH000206: hibernate.properties not found
[INFO ]2018-02-01 18:26:26 org.hibernate.cfg.Environment - HHH000021: Bytecode provider name : javassist
[INFO ]2018-02-01 18:26:26 o.h.annotations.common.Version - HCANN000001: Hibernate Commons Annotations {5.0.1.Final}
[INFO ]2018-02-01 18:26:27 org.hibernate.dialect.Dialect - HHH000400: Using dialect: org.hibernate.dialect.MySQL5Dialect
[INFO ]2018-02-01 18:26:27 o.h.tool.hbm2ddl.SchemaExport - HHH000227: Running hbm2ddl schema export
[INFO ]2018-02-01 18:26:27 o.h.tool.hbm2ddl.SchemaExport - HHH000476: Executing import script 'insert.sql'
[INFO ]2018-02-01 18:26:27 o.h.tool.hbm2ddl.SchemaExport - HHH000230: Schema export complete
[INFO ]2018-02-01 18:26:27 o.s.o.j.LocalContainerEntityManagerFactoryBean - Initialized JPA EntityManagerFactory for persistence unit 'default'
[INFO ]2018-02-01 18:26:28 o.s.w.s.m.m.a.RequestMappingHandlerAdapter - Looking for @ControllerAdvice: org.springframework.boot.context.embedded.AnnotationConfigEmbeddedWebApplicationContext@5223e5ee: startup date [Thu Feb 01 18:26:22 CET 2018]; root of context hierarchy
[INFO ]2018-02-01 18:26:28 o.s.w.s.m.m.a.RequestMappingHandlerMapping - Mapped "{[/pcc],methods=[POST]}" onto public org.springframework.http.ResponseEntity com.ftn.controller.PccController.receiveOrder(com.ftn.model.dto.PaymentOrderDTO,org.springframework.validation.BindingResult,javax.servlet.http.HttpServletRequest)
[INFO ]2018-02-01 18:26:28 o.s.w.s.m.m.a.RequestMappingHandlerMapping - Mapped "{[/pcc/response],methods=[POST]}" onto public org.springframework.http.ResponseEntity com.ftn.controller.PccController.receiveResponse(com.ftn.model.dto.PaymentResponseInfoDTO,org.springframework.validation.BindingResult)
[INFO ]2018-02-01 18:26:28 o.s.w.s.m.m.a.RequestMappingHandlerMapping - Mapped "{[/error]}" onto public org.springframework.http.ResponseEntity<java.util.Map<java.lang.String, java.lang.Object>> org.springframework.boot.autoconfigure.web.BasicErrorController.error(javax.servlet.http.HttpServletRequest)
[INFO ]2018-02-01 18:26:28 o.s.w.s.m.m.a.RequestMappingHandlerMapping - Mapped "{[/error],produces=[text/html]}" onto public org.springframework.web.servlet.ModelAndView org.springframework.boot.autoconfigure.web.BasicErrorController.errorHtml(javax.servlet.http.HttpServletRequest,javax.servlet.http.HttpServletResponse)
[INFO ]2018-02-01 18:26:28 o.s.w.s.h.SimpleUrlHandlerMapping - Mapped URL path [/webjars/**] onto handler of type [class org.springframework.web.servlet.resource.ResourceHttpRequestHandler]
[INFO ]2018-02-01 18:26:28 o.s.w.s.h.SimpleUrlHandlerMapping - Mapped URL path [/**] onto handler of type [class org.springframework.web.servlet.resource.ResourceHttpRequestHandler]
[INFO ]2018-02-01 18:26:28 o.s.w.s.h.SimpleUrlHandlerMapping - Mapped URL path [/**/favicon.ico] onto handler of type [class org.springframework.web.servlet.resource.ResourceHttpRequestHandler]
[INFO ]2018-02-01 18:26:29 o.s.j.e.a.AnnotationMBeanExporter - Registering beans for JMX exposure on startup
[INFO ]2018-02-01 18:26:29 o.a.coyote.http11.Http11NioProtocol - Initializing ProtocolHandler ["http-nio-9025"]
[INFO ]2018-02-01 18:26:29 o.a.coyote.http11.Http11NioProtocol - Starting ProtocolHandler ["http-nio-9025"]
[INFO ]2018-02-01 18:26:29 o.a.tomcat.util.net.NioSelectorPool - Using a shared selector for servlet write/read
[INFO ]2018-02-01 18:26:29 o.s.b.c.e.t.TomcatEmbeddedServletContainer - Tomcat started on port(s): 9025 (http)
[INFO ]2018-02-01 18:26:29 o.h.h.i.QueryTranslatorFactoryInitiator - HHH000397: Using ASTQueryTranslatorFactory
[INFO ]2018-02-01 18:26:29 com.ftn.PccApplication - Started PccApplication in 7.447 seconds (JVM running for 8.654)
[INFO ]2018-02-01 18:28:12 o.a.c.c.C.[Tomcat].[localhost].[/] - Initializing Spring FrameworkServlet 'dispatcherServlet'
[INFO ]2018-02-01 18:28:12 o.s.web.servlet.DispatcherServlet - FrameworkServlet 'dispatcherServlet': initialization started
[INFO ]2018-02-01 18:28:12 o.s.web.servlet.DispatcherServlet - FrameworkServlet 'dispatcherServlet': initialization completed in 108 ms
[INFO ]2018-02-01 18:28:14 com.ftn.controller.PccController - Payment order sent to issuer
[INFO ]2018-02-01 19:41:27 o.s.b.c.e.AnnotationConfigEmbeddedWebApplicationContext - Closing org.springframework.boot.context.embedded.AnnotationConfigEmbeddedWebApplicationContext@5223e5ee: startup date [Thu Feb 01 18:26:22 CET 2018]; root of context hierarchy
[INFO ]2018-02-01 19:41:27 o.s.j.e.a.AnnotationMBeanExporter - Unregistering JMX-exposed beans on shutdown
[INFO ]2018-02-01 19:41:27 o.s.o.j.LocalContainerEntityManagerFactoryBean - Closing JPA EntityManagerFactory for persistence unit 'default'
